<?xml version="1.0" encoding="UTF-8"?>
<!-- Generated by org.testng.reporters.JUnitXMLReporter -->
<testsuite hostname="DESKTOP-N97TRSU" failures="0" tests="3" name="package testngpakage;" time="0.031" errors="0" timestamp="17 Apr 2023 11:49:24 GMT">
  <testcase classname="testngpakage.testng1" name="myAnnMethd" time="0.006"/>
  <testcase classname="testngpakage.testng1" name="delemp" time="0.002"/>
  <testcase classname="testngpakage.testng1" name="addemp" time="0.002"/>
</testsuite> <!-- package testngpakage; -->
