<?xml version="1.0" encoding="UTF-8"?>
<testng-results total="12" passed="11" failed="1" skipped="0">
  <reporter-output>
    <line>
      <![CDATA[admin]]>
    </line>
    <line>
      <![CDATA[nareshit]]>
    </line>
    <line>
      <![CDATA[Application Opened]]>
    </line>
    <line>
      <![CDATA[OrangeHRM - New Level of HR Management]]>
    </line>
    <line>
      <![CDATA[Login Completed]]>
    </line>
  </reporter-output>
  <suite started-at="2023-04-17T12:03:20Z" name="Suite1" finished-at="2023-04-17T12:03:35Z" duration-ms="14663">
    <groups>
    </groups>
    <test started-at="2023-04-17T12:03:20Z" name="Regression1" finished-at="2023-04-17T12:03:35Z" duration-ms="14663">
      <class name="testngpakage.testng3">
        <test-method is-config="true" signature="login()[pri:0, instance:testngpakage.testng3@6ee4d9ab]" started-at="2023-04-17T17:33:35Z" name="login" finished-at="2023-04-17T17:33:35Z" duration-ms="1" status="PASS">
          <reporter-output>
          </reporter-output>
        </test-method> <!-- login -->
        <test-method signature="delemp()[pri:0, instance:testngpakage.testng3@6ee4d9ab]" started-at="2023-04-17T17:33:35Z" name="delemp" finished-at="2023-04-17T17:33:35Z" duration-ms="9" status="PASS">
          <reporter-output>
          </reporter-output>
        </test-method> <!-- delemp -->
        <test-method is-config="true" signature="logout()[pri:0, instance:testngpakage.testng3@6ee4d9ab]" started-at="2023-04-17T17:33:35Z" name="logout" finished-at="2023-04-17T17:33:35Z" duration-ms="1" status="PASS">
          <reporter-output>
          </reporter-output>
        </test-method> <!-- logout -->
        <test-method is-config="true" signature="login()[pri:0, instance:testngpakage.testng3@6ee4d9ab]" started-at="2023-04-17T17:33:35Z" name="login" finished-at="2023-04-17T17:33:35Z" duration-ms="1" status="PASS">
          <reporter-output>
          </reporter-output>
        </test-method> <!-- login -->
        <test-method signature="addemp()[pri:0, instance:testngpakage.testng3@6ee4d9ab]" started-at="2023-04-17T17:33:35Z" name="addemp" finished-at="2023-04-17T17:33:35Z" duration-ms="1" status="PASS">
          <reporter-output>
          </reporter-output>
        </test-method> <!-- addemp -->
        <test-method is-config="true" signature="logout()[pri:0, instance:testngpakage.testng3@6ee4d9ab]" started-at="2023-04-17T17:33:35Z" name="logout" finished-at="2023-04-17T17:33:35Z" duration-ms="0" status="PASS">
          <reporter-output>
          </reporter-output>
        </test-method> <!-- logout -->
      </class> <!-- testngpakage.testng3 -->
      <class name="testngpakage.testng1">
        <test-method is-config="true" signature="login()[pri:0, instance:testngpakage.testng1@732d0d24]" started-at="2023-04-17T17:33:35Z" name="login" finished-at="2023-04-17T17:33:35Z" duration-ms="0" status="PASS">
          <reporter-output>
          </reporter-output>
        </test-method> <!-- login -->
        <test-method signature="myAnnMethd()[pri:0, instance:testngpakage.testng1@732d0d24]" started-at="2023-04-17T17:33:35Z" name="myAnnMethd" finished-at="2023-04-17T17:33:35Z" duration-ms="0" status="PASS">
          <reporter-output>
          </reporter-output>
        </test-method> <!-- myAnnMethd -->
        <test-method signature="delemp()[pri:0, instance:testngpakage.testng1@732d0d24]" started-at="2023-04-17T17:33:35Z" name="delemp" finished-at="2023-04-17T17:33:35Z" duration-ms="3" status="PASS">
          <reporter-output>
          </reporter-output>
        </test-method> <!-- delemp -->
        <test-method signature="addemp()[pri:0, instance:testngpakage.testng1@732d0d24]" started-at="2023-04-17T17:33:35Z" name="addemp" finished-at="2023-04-17T17:33:35Z" duration-ms="2" status="PASS">
          <reporter-output>
          </reporter-output>
        </test-method> <!-- addemp -->
        <test-method is-config="true" signature="logout()[pri:0, instance:testngpakage.testng1@732d0d24]" started-at="2023-04-17T17:33:35Z" name="logout" finished-at="2023-04-17T17:33:35Z" duration-ms="1" status="PASS">
          <reporter-output>
          </reporter-output>
        </test-method> <!-- logout -->
      </class> <!-- testngpakage.testng1 -->
      <class name="testngpakage.Testngclass">
        <test-method signature="addemp()[pri:0, instance:testngpakage.Testngclass@5e3d57c7]" started-at="2023-04-17T17:33:35Z" name="addemp" finished-at="2023-04-17T17:33:35Z" duration-ms="3" status="PASS">
          <reporter-output>
          </reporter-output>
        </test-method> <!-- addemp -->
        <test-method signature="delemp()[pri:0, instance:testngpakage.Testngclass@5e3d57c7]" started-at="2023-04-17T17:33:35Z" name="delemp" finished-at="2023-04-17T17:33:35Z" duration-ms="0" status="PASS">
          <reporter-output>
          </reporter-output>
        </test-method> <!-- delemp -->
        <test-method signature="login()[pri:0, instance:testngpakage.Testngclass@5e3d57c7]" started-at="2023-04-17T17:33:35Z" name="login" finished-at="2023-04-17T17:33:35Z" duration-ms="0" status="PASS">
          <reporter-output>
          </reporter-output>
        </test-method> <!-- login -->
        <test-method signature="logout()[pri:0, instance:testngpakage.Testngclass@5e3d57c7]" started-at="2023-04-17T17:33:35Z" name="logout" finished-at="2023-04-17T17:33:35Z" duration-ms="1" status="PASS">
          <reporter-output>
          </reporter-output>
        </test-method> <!-- logout -->
      </class> <!-- testngpakage.Testngclass -->
      <class name="testngpakage.newclasstestng$Exp_Testng">
        <test-method is-config="true" signature="login()[pri:0, instance:testngpakage.newclasstestng$Exp_Testng@68f4865]" started-at="2023-04-17T17:33:35Z" name="login" finished-at="2023-04-17T17:33:35Z" duration-ms="1" status="PASS">
          <reporter-output>
          </reporter-output>
        </test-method> <!-- login -->
        <test-method signature="delemp()[pri:0, instance:testngpakage.newclasstestng$Exp_Testng@68f4865]" started-at="2023-04-17T17:33:35Z" name="delemp" finished-at="2023-04-17T17:33:35Z" duration-ms="1" status="PASS">
          <reporter-output>
          </reporter-output>
        </test-method> <!-- delemp -->
        <test-method signature="addemp()[pri:0, instance:testngpakage.newclasstestng$Exp_Testng@68f4865]" started-at="2023-04-17T17:33:35Z" name="addemp" finished-at="2023-04-17T17:33:35Z" duration-ms="2" status="PASS">
          <reporter-output>
          </reporter-output>
        </test-method> <!-- addemp -->
        <test-method is-config="true" signature="logout()[pri:0, instance:testngpakage.newclasstestng$Exp_Testng@68f4865]" started-at="2023-04-17T17:33:35Z" name="logout" finished-at="2023-04-17T17:33:35Z" duration-ms="1" status="PASS">
          <reporter-output>
          </reporter-output>
        </test-method> <!-- logout -->
      </class> <!-- testngpakage.newclasstestng$Exp_Testng -->
      <class name="testngpakage.exel_wd_tentng">
        <test-method is-config="true" signature="startUp()[pri:0, instance:testngpakage.exel_wd_tentng@1fb19a0]" started-at="2023-04-17T17:33:20Z" name="startUp" finished-at="2023-04-17T17:33:24Z" duration-ms="3560" status="PASS">
          <reporter-output>
          </reporter-output>
        </test-method> <!-- startUp -->
        <test-method signature="tc001()[pri:0, instance:testngpakage.exel_wd_tentng@1fb19a0]" started-at="2023-04-17T17:33:24Z" name="tc001" finished-at="2023-04-17T17:33:31Z" duration-ms="7463" status="FAIL">
          <exception class="org.openqa.selenium.NoSuchElementException">
            <message>
              <![CDATA[Unable to locate element: Logout
For documentation on this error, please visit: https://selenium.dev/exceptions/#no_such_element
Build info: version: '4.8.3', revision: 'b19b418e60'
System info: os.name: 'Windows 10', os.arch: 'amd64', os.version: '10.0', java.version: '11.0.12'
Driver info: org.openqa.selenium.firefox.FirefoxDriver
Command: [fe98d424-9b3b-46ad-81d5-6daa2003e194, findElement {using=link text, value=Logout}]
Capabilities {acceptInsecureCerts: true, browserName: firefox, browserVersion: 112.0, moz:accessibilityChecks: false, moz:buildID: 20230406114409, moz:debuggerAddress: 127.0.0.1:4949, moz:geckodriverVersion: 0.33.0, moz:headless: false, moz:platformVersion: 10.0, moz:processID: 8260, moz:profile: C:\Users\HP\AppData\Local\T..., moz:shutdownTimeout: 60000, moz:useNonSpecCompliantPointerOrigin: false, moz:webdriverClick: true, moz:windowless: false, pageLoadStrategy: normal, platformName: WINDOWS, proxy: Proxy(), se:cdp: ws://127.0.0.1:4949/devtool..., se:cdpVersion: 85.0, setWindowRect: true, strictFileInteractability: false, timeouts: {implicit: 0, pageLoad: 300000, script: 30000}, unhandledPromptBehavior: dismiss and notify}
Session ID: fe98d424-9b3b-46ad-81d5-6daa2003e194]]>
            </message>
            <full-stacktrace>
              <![CDATA[org.openqa.selenium.NoSuchElementException: Unable to locate element: Logout
For documentation on this error, please visit: https://selenium.dev/exceptions/#no_such_element
Build info: version: '4.8.3', revision: 'b19b418e60'
System info: os.name: 'Windows 10', os.arch: 'amd64', os.version: '10.0', java.version: '11.0.12'
Driver info: org.openqa.selenium.firefox.FirefoxDriver
Command: [fe98d424-9b3b-46ad-81d5-6daa2003e194, findElement {using=link text, value=Logout}]
Capabilities {acceptInsecureCerts: true, browserName: firefox, browserVersion: 112.0, moz:accessibilityChecks: false, moz:buildID: 20230406114409, moz:debuggerAddress: 127.0.0.1:4949, moz:geckodriverVersion: 0.33.0, moz:headless: false, moz:platformVersion: 10.0, moz:processID: 8260, moz:profile: C:\Users\HP\AppData\Local\T..., moz:shutdownTimeout: 60000, moz:useNonSpecCompliantPointerOrigin: false, moz:webdriverClick: true, moz:windowless: false, pageLoadStrategy: normal, platformName: WINDOWS, proxy: Proxy(), se:cdp: ws://127.0.0.1:4949/devtool..., se:cdpVersion: 85.0, setWindowRect: true, strictFileInteractability: false, timeouts: {implicit: 0, pageLoad: 300000, script: 30000}, unhandledPromptBehavior: dismiss and notify}
Session ID: fe98d424-9b3b-46ad-81d5-6daa2003e194
	at java.base/jdk.internal.reflect.NativeConstructorAccessorImpl.newInstance0(Native Method)
	at java.base/jdk.internal.reflect.NativeConstructorAccessorImpl.newInstance(NativeConstructorAccessorImpl.java:62)
	at java.base/jdk.internal.reflect.DelegatingConstructorAccessorImpl.newInstance(DelegatingConstructorAccessorImpl.java:45)
	at java.base/java.lang.reflect.Constructor.newInstance(Constructor.java:490)
	at org.openqa.selenium.remote.codec.w3c.W3CHttpResponseCodec.createException(W3CHttpResponseCodec.java:200)
	at org.openqa.selenium.remote.codec.w3c.W3CHttpResponseCodec.decode(W3CHttpResponseCodec.java:133)
	at org.openqa.selenium.remote.codec.w3c.W3CHttpResponseCodec.decode(W3CHttpResponseCodec.java:53)
	at org.openqa.selenium.remote.HttpCommandExecutor.execute(HttpCommandExecutor.java:193)
	at org.openqa.selenium.remote.service.DriverCommandExecutor.invokeExecute(DriverCommandExecutor.java:183)
	at org.openqa.selenium.remote.service.DriverCommandExecutor.execute(DriverCommandExecutor.java:158)
	at org.openqa.selenium.remote.RemoteWebDriver.execute(RemoteWebDriver.java:543)
	at org.openqa.selenium.remote.ElementLocation$ElementFinder$2.findElement(ElementLocation.java:162)
	at org.openqa.selenium.remote.ElementLocation.findElement(ElementLocation.java:60)
	at org.openqa.selenium.remote.RemoteWebDriver.findElement(RemoteWebDriver.java:352)
	at org.openqa.selenium.remote.RemoteWebDriver.findElement(RemoteWebDriver.java:344)
	at testngpakage.exel_wd_tentng.tc001(exel_wd_tentng.java:50)
	at java.base/jdk.internal.reflect.NativeMethodAccessorImpl.invoke0(Native Method)
	at java.base/jdk.internal.reflect.NativeMethodAccessorImpl.invoke(NativeMethodAccessorImpl.java:62)
	at java.base/jdk.internal.reflect.DelegatingMethodAccessorImpl.invoke(DelegatingMethodAccessorImpl.java:43)
	at java.base/java.lang.reflect.Method.invoke(Method.java:566)
	at org.testng.internal.MethodInvocationHelper.invokeMethod(MethodInvocationHelper.java:80)
	at org.testng.internal.Invoker.invokeMethod(Invoker.java:714)
	at org.testng.internal.Invoker.invokeTestMethod(Invoker.java:901)
	at org.testng.internal.Invoker.invokeTestMethods(Invoker.java:1231)
	at org.testng.internal.TestMethodWorker.invokeTestMethods(TestMethodWorker.java:127)
	at org.testng.internal.TestMethodWorker.run(TestMethodWorker.java:111)
	at org.testng.TestRunner.privateRun(TestRunner.java:767)
	at org.testng.TestRunner.run(TestRunner.java:617)
	at org.testng.SuiteRunner.runTest(SuiteRunner.java:334)
	at org.testng.SuiteRunner.runSequentially(SuiteRunner.java:329)
	at org.testng.SuiteRunner.privateRun(SuiteRunner.java:291)
	at org.testng.SuiteRunner.run(SuiteRunner.java:240)
	at org.testng.SuiteRunnerWorker.runSuite(SuiteRunnerWorker.java:52)
	at org.testng.SuiteRunnerWorker.run(SuiteRunnerWorker.java:86)
	at org.testng.TestNG.runSuitesSequentially(TestNG.java:1198)
	at org.testng.TestNG.runSuitesLocally(TestNG.java:1123)
	at org.testng.TestNG.run(TestNG.java:1031)
	at org.testng.remote.AbstractRemoteTestNG.run(AbstractRemoteTestNG.java:115)
	at org.testng.remote.RemoteTestNG.initAndRun(RemoteTestNG.java:251)
	at org.testng.remote.RemoteTestNG.main(RemoteTestNG.java:77)
]]>
            </full-stacktrace>
          </exception> <!-- org.openqa.selenium.NoSuchElementException -->
          <reporter-output>
            <line>
              <![CDATA[admin]]>
            </line>
            <line>
              <![CDATA[nareshit]]>
            </line>
            <line>
              <![CDATA[Application Opened]]>
            </line>
            <line>
              <![CDATA[OrangeHRM - New Level of HR Management]]>
            </line>
            <line>
              <![CDATA[Login Completed]]>
            </line>
          </reporter-output>
        </test-method> <!-- tc001 -->
        <test-method is-config="true" signature="tearDown()[pri:0, instance:testngpakage.exel_wd_tentng@1fb19a0]" started-at="2023-04-17T17:33:31Z" name="tearDown" finished-at="2023-04-17T17:33:35Z" duration-ms="3539" status="PASS">
          <reporter-output>
          </reporter-output>
        </test-method> <!-- tearDown -->
      </class> <!-- testngpakage.exel_wd_tentng -->
    </test> <!-- Regression1 -->
  </suite> <!-- Suite1 -->
</testng-results>
